<?xml version="1.0" encoding="utf-8"?><testsuites><testsuite errors="0" failures="1" hostname="LAPTOP-ORI8JR52" name="pytest" skipped="0" tests="3" time="74.314" timestamp="2020-05-29T14:52:07.552588"><testcase classname="test_home_page.TestHomePage" file="test_home_page.py" line="17" name="test_verifyWelcomeMessage" time="21.981"></testcase><testcase classname="test_home_page.TestHomePage" file="test_home_page.py" line="24" name="test_verifyManagerId" time="30.102"><failure message="AssertionError: Wrong welcome message is displayed
assert &apos;Manger Id : mngr261615&apos; == &apos;Manger Id : mngr26161&apos;
  - Manger Id : mngr26161
  + Manger Id : mngr261615
  ?                      +">self = &lt;test_case.test_home_page.TestHomePage object at 0x000002EEB10C33A0&gt;

    def test_verifyManagerId(self):
        self.loginPage = LoginPage(self.driver)
        self.homePage = self.loginPage.do_login(self.data[&quot;LoginPage&quot;][&quot;userId&quot;], self.data[&quot;LoginPage&quot;][&quot;password&quot;])
        actual = self.homePage.verify_manager_id()
        expected = self.data[&quot;HomePage&quot;][&quot;customerId&quot;]
&gt;       assert actual == expected, &quot;Wrong welcome message is displayed&quot;
E       AssertionError: Wrong welcome message is displayed
E       assert &apos;Manger Id : mngr261615&apos; == &apos;Manger Id : mngr26161&apos;
E         - Manger Id : mngr26161
E         + Manger Id : mngr261615
E         ?                      +

test_home_page.py:30: AssertionError</failure></testcase><testcase classname="test_login_page.TestLoginPage" file="test_login_page.py" line="14" name="test_Login" time="21.234"></testcase></testsuite></testsuites>