<?xml version="1.0" encoding="utf-8"?><testsuites><testsuite errors="0" failures="0" hostname="LAPTOP-ORI8JR52" name="pytest" skipped="0" tests="2" time="29.506" timestamp="2020-09-06T13:39:42.264774"><testcase classname="test_home_page.TestHomePage" file="test_home_page.py" line="18" name="test_verifyWelcomeMessage" time="14.228"></testcase><testcase classname="test_home_page.TestHomePage" file="test_home_page.py" line="25" name="test_verifyManagerId" time="15.222"></testcase></testsuite></testsuites>